<?xml version="1.0" encoding="UTF-8"?>
<testng-results ignored="0" total="1" passed="1" failed="0" skipped="0">
  <reporter-output>
  </reporter-output>
  <suite started-at="2024-12-08T02:15:46 IST" name="Default suite" finished-at="2024-12-08T02:15:49 IST" duration-ms="3112">
    <groups>
    </groups>
    <test started-at="2024-12-08T02:15:46 IST" name="Default test" finished-at="2024-12-08T02:15:49 IST" duration-ms="3112">
      <class name="swiggy_TestPages.RegistorOnSwiggy">
        <test-method is-config="true" signature="setup()[pri:0, instance:swiggy_TestPages.RegistorOnSwiggy@5ffead27]" started-at="2024-12-08T02:15:46 IST" name="setup" finished-at="2024-12-08T02:15:49 IST" duration-ms="3064" status="PASS">
          <reporter-output>
          </reporter-output>
        </test-method> <!-- setup -->
        <test-method signature="validateRegistration()[pri:0, instance:swiggy_TestPages.RegistorOnSwiggy@5ffead27]" started-at="2024-12-08T02:15:49 IST" name="validateRegistration" finished-at="2024-12-08T02:15:49 IST" duration-ms="7" status="PASS">
          <reporter-output>
          </reporter-output>
        </test-method> <!-- validateRegistration -->
      </class> <!-- swiggy_TestPages.RegistorOnSwiggy -->
    </test> <!-- Default test -->
  </suite> <!-- Default suite -->
</testng-results>
